y:\csc8502 coursework\csc8502 code 2018\nclgl\debug\nclgl.pdb
y:\csc8502 coursework\csc8502 code 2018\nclgl\debug\nclgl.idb
y:\csc8502 coursework\csc8502 code 2018\nclgl\debug\window.obj
y:\csc8502 coursework\csc8502 code 2018\nclgl\debug\textmesh.obj
y:\csc8502 coursework\csc8502 code 2018\nclgl\debug\shader.obj
y:\csc8502 coursework\csc8502 code 2018\nclgl\debug\scenenode.obj
y:\csc8502 coursework\csc8502 code 2018\nclgl\debug\quaternion.obj
y:\csc8502 coursework\csc8502 code 2018\nclgl\debug\plane.obj
y:\csc8502 coursework\csc8502 code 2018\nclgl\debug\oglrenderer.obj
y:\csc8502 coursework\csc8502 code 2018\nclgl\debug\objmesh.obj
y:\csc8502 coursework\csc8502 code 2018\nclgl\debug\mouse.obj
y:\csc8502 coursework\csc8502 code 2018\nclgl\debug\mesh.obj
y:\csc8502 coursework\csc8502 code 2018\nclgl\debug\md5node.obj
y:\csc8502 coursework\csc8502 code 2018\nclgl\debug\md5mesh.obj
y:\csc8502 coursework\csc8502 code 2018\nclgl\debug\md5filedata.obj
y:\csc8502 coursework\csc8502 code 2018\nclgl\debug\md5anim.obj
y:\csc8502 coursework\csc8502 code 2018\nclgl\debug\matrix4.obj
y:\csc8502 coursework\csc8502 code 2018\nclgl\debug\keyboard.obj
y:\csc8502 coursework\csc8502 code 2018\nclgl\debug\heightmap.obj
y:\csc8502 coursework\csc8502 code 2018\nclgl\debug\gametimer.obj
y:\csc8502 coursework\csc8502 code 2018\nclgl\debug\frustum.obj
y:\csc8502 coursework\csc8502 code 2018\nclgl\debug\camera.obj
c:\users\ed\desktop\csc8502 coursework\csc8502 coursework\nclgl\debug\nclgl.pdb
c:\users\ed\desktop\csc8502 coursework\csc8502 coursework\nclgl\debug\nclgl.idb
c:\users\ed\desktop\csc8502 coursework\csc8502 coursework\nclgl\debug\window.obj
c:\users\ed\desktop\csc8502 coursework\csc8502 coursework\nclgl\debug\textmesh.obj
c:\users\ed\desktop\csc8502 coursework\csc8502 coursework\nclgl\debug\shader.obj
c:\users\ed\desktop\csc8502 coursework\csc8502 coursework\nclgl\debug\scenenode.obj
c:\users\ed\desktop\csc8502 coursework\csc8502 coursework\nclgl\debug\quaternion.obj
c:\users\ed\desktop\csc8502 coursework\csc8502 coursework\nclgl\debug\plane.obj
c:\users\ed\desktop\csc8502 coursework\csc8502 coursework\nclgl\debug\oglrenderer.obj
c:\users\ed\desktop\csc8502 coursework\csc8502 coursework\nclgl\debug\objmesh.obj
c:\users\ed\desktop\csc8502 coursework\csc8502 coursework\nclgl\debug\mouse.obj
c:\users\ed\desktop\csc8502 coursework\csc8502 coursework\nclgl\debug\mesh.obj
c:\users\ed\desktop\csc8502 coursework\csc8502 coursework\nclgl\debug\md5node.obj
c:\users\ed\desktop\csc8502 coursework\csc8502 coursework\nclgl\debug\md5mesh.obj
c:\users\ed\desktop\csc8502 coursework\csc8502 coursework\nclgl\debug\md5filedata.obj
c:\users\ed\desktop\csc8502 coursework\csc8502 coursework\nclgl\debug\md5anim.obj
c:\users\ed\desktop\csc8502 coursework\csc8502 coursework\nclgl\debug\matrix4.obj
c:\users\ed\desktop\csc8502 coursework\csc8502 coursework\nclgl\debug\keyboard.obj
c:\users\ed\desktop\csc8502 coursework\csc8502 coursework\nclgl\debug\heightmap.obj
c:\users\ed\desktop\csc8502 coursework\csc8502 coursework\nclgl\debug\gametimer.obj
c:\users\ed\desktop\csc8502 coursework\csc8502 coursework\nclgl\debug\frustum.obj
c:\users\ed\desktop\csc8502 coursework\csc8502 coursework\nclgl\debug\camera.obj
y:\csc8502 coursework\csc8502 code 2018\graphics for games\debug\nclgl.lib
c:\users\ed\desktop\csc8502 coursework\csc8502 coursework\graphics for games\debug\nclgl.lib
c:\users\ed\desktop\csc8502 coursework\csc8502 coursework\graphics for games\debug\nclgl.pdb
c:\users\ed\desktop\csc8502 coursework\csc8502 coursework\nclgl\debug\nclgl.tlog\cl.command.1.tlog
c:\users\ed\desktop\csc8502 coursework\csc8502 coursework\nclgl\debug\nclgl.tlog\cl.read.1.tlog
c:\users\ed\desktop\csc8502 coursework\csc8502 coursework\nclgl\debug\nclgl.tlog\cl.write.1.tlog
c:\users\ed\desktop\csc8502 coursework\csc8502 coursework\nclgl\debug\nclgl.tlog\lib-link.read.1.tlog
c:\users\ed\desktop\csc8502 coursework\csc8502 coursework\nclgl\debug\nclgl.tlog\lib-link.write.1.tlog
c:\users\ed\desktop\csc8502 coursework\csc8502 coursework\nclgl\debug\nclgl.tlog\lib.command.1.tlog
