  image_DXT.c
..\Simple OpenGL Image Library\src\image_DXT.c(92): warning C4996: 'fopen': This function or variable may be unsafe. Consider using fopen_s instead. To disable deprecation, use _CRT_SECURE_NO_WARNINGS. See online help for details.
  C:\Program Files (x86)\Windows Kits\10\Include\10.0.10240.0\ucrt\stdio.h(205): note: see declaration of 'fopen'
  image_helper.c
..\Simple OpenGL Image Library\src\image_helper.c(325): warning C4244: 'initializing': conversion from 'double' to 'float', possible loss of data
..\Simple OpenGL Image Library\src\image_helper.c(366): warning C4244: '=': conversion from 'double' to 'float', possible loss of data
..\Simple OpenGL Image Library\src\image_helper.c(373): warning C4244: '=': conversion from 'float' to 'int', possible loss of data
..\Simple OpenGL Image Library\src\image_helper.c(415): warning C4244: '=': conversion from 'double' to 'float', possible loss of data
..\Simple OpenGL Image Library\src\image_helper.c(422): warning C4244: '=': conversion from 'float' to 'int', possible loss of data
  SOIL.c
..\Simple OpenGL Image Library\src\SOIL.c(1719): warning C4018: '<=': signed/unsigned mismatch
..\Simple OpenGL Image Library\src\SOIL.c(1729): warning C4018: '<': signed/unsigned mismatch
..\Simple OpenGL Image Library\src\SOIL.c(1841): warning C4996: 'fopen': This function or variable may be unsafe. Consider using fopen_s instead. To disable deprecation, use _CRT_SECURE_NO_WARNINGS. See online help for details.
  C:\Program Files (x86)\Windows Kits\10\Include\10.0.10240.0\ucrt\stdio.h(205): note: see declaration of 'fopen'
  stb_image_aug.c
..\Simple OpenGL Image Library\src\stb_image_aug.c(177): warning C4996: 'fopen': This function or variable may be unsafe. Consider using fopen_s instead. To disable deprecation, use _CRT_SECURE_NO_WARNINGS. See online help for details.
  C:\Program Files (x86)\Windows Kits\10\Include\10.0.10240.0\ucrt\stdio.h(205): note: see declaration of 'fopen'
..\Simple OpenGL Image Library\src\stb_image_aug.c(251): warning C4996: 'fopen': This function or variable may be unsafe. Consider using fopen_s instead. To disable deprecation, use _CRT_SECURE_NO_WARNINGS. See online help for details.
  C:\Program Files (x86)\Windows Kits\10\Include\10.0.10240.0\ucrt\stdio.h(205): note: see declaration of 'fopen'
..\Simple OpenGL Image Library\src\stb_image_aug.c(303): warning C4996: 'fopen': This function or variable may be unsafe. Consider using fopen_s instead. To disable deprecation, use _CRT_SECURE_NO_WARNINGS. See online help for details.
  C:\Program Files (x86)\Windows Kits\10\Include\10.0.10240.0\ucrt\stdio.h(205): note: see declaration of 'fopen'
..\Simple OpenGL Image Library\src\stb_image_aug.c(1557): warning C4996: 'fopen': This function or variable may be unsafe. Consider using fopen_s instead. To disable deprecation, use _CRT_SECURE_NO_WARNINGS. See online help for details.
  C:\Program Files (x86)\Windows Kits\10\Include\10.0.10240.0\ucrt\stdio.h(205): note: see declaration of 'fopen'
..\Simple OpenGL Image Library\src\stb_image_aug.c(2394): warning C4996: 'fopen': This function or variable may be unsafe. Consider using fopen_s instead. To disable deprecation, use _CRT_SECURE_NO_WARNINGS. See online help for details.
  C:\Program Files (x86)\Windows Kits\10\Include\10.0.10240.0\ucrt\stdio.h(205): note: see declaration of 'fopen'
..\Simple OpenGL Image Library\src\stb_image_aug.c(2709): warning C4996: 'fopen': This function or variable may be unsafe. Consider using fopen_s instead. To disable deprecation, use _CRT_SECURE_NO_WARNINGS. See online help for details.
  C:\Program Files (x86)\Windows Kits\10\Include\10.0.10240.0\ucrt\stdio.h(205): note: see declaration of 'fopen'
..\Simple OpenGL Image Library\src\stb_image_aug.c(2995): warning C4996: 'fopen': This function or variable may be unsafe. Consider using fopen_s instead. To disable deprecation, use _CRT_SECURE_NO_WARNINGS. See online help for details.
  C:\Program Files (x86)\Windows Kits\10\Include\10.0.10240.0\ucrt\stdio.h(205): note: see declaration of 'fopen'
..\Simple OpenGL Image Library\src\stb_image_aug.c(3209): warning C4996: 'fopen': This function or variable may be unsafe. Consider using fopen_s instead. To disable deprecation, use _CRT_SECURE_NO_WARNINGS. See online help for details.
  C:\Program Files (x86)\Windows Kits\10\Include\10.0.10240.0\ucrt\stdio.h(205): note: see declaration of 'fopen'
..\Simple OpenGL Image Library\src\stb_image_aug.c(3548): warning C4996: 'fopen': This function or variable may be unsafe. Consider using fopen_s instead. To disable deprecation, use _CRT_SECURE_NO_WARNINGS. See online help for details.
  C:\Program Files (x86)\Windows Kits\10\Include\10.0.10240.0\ucrt\stdio.h(205): note: see declaration of 'fopen'
..\Simple OpenGL Image Library\src\stb_image_aug.c(3644): warning C4996: 'fopen': This function or variable may be unsafe. Consider using fopen_s instead. To disable deprecation, use _CRT_SECURE_NO_WARNINGS. See online help for details.
  C:\Program Files (x86)\Windows Kits\10\Include\10.0.10240.0\ucrt\stdio.h(205): note: see declaration of 'fopen'
c:\users\b7053261\documents\csc8502 code 2018\soil\simple opengl image library\src\stbi_DDS_aug_c.h(362): warning C4018: '>': signed/unsigned mismatch
c:\users\b7053261\documents\csc8502 code 2018\soil\simple opengl image library\src\stbi_DDS_aug_c.h(366): warning C4018: '>': signed/unsigned mismatch
c:\users\b7053261\documents\csc8502 code 2018\soil\simple opengl image library\src\stbi_DDS_aug_c.h(390): warning C4018: '<': signed/unsigned mismatch
c:\users\b7053261\documents\csc8502 code 2018\soil\simple opengl image library\src\stbi_DDS_aug_c.h(427): warning C4018: '<': signed/unsigned mismatch
c:\users\b7053261\documents\csc8502 code 2018\soil\simple opengl image library\src\stbi_DDS_aug_c.h(498): warning C4996: 'fopen': This function or variable may be unsafe. Consider using fopen_s instead. To disable deprecation, use _CRT_SECURE_NO_WARNINGS. See online help for details.
  C:\Program Files (x86)\Windows Kits\10\Include\10.0.10240.0\ucrt\stdio.h(205): note: see declaration of 'fopen'
  SOIL.vcxproj -> C:\Users\b7053261\Documents\CSC8502 Code 2018\SOIL\SLN\Release\SOIL.lib
