  Main.cpp
  Renderer.cpp
LINK : warning LNK4098: defaultlib 'LIBCMT' conflicts with use of other libs; use /NODEFAULTLIB:library
  Generating code
  444 of 1397 functions (31.8%) were compiled, the rest were copied from previous compilation.
    4 functions were new in current compilation
    190 functions had inline decision re-evaluated but remain unchanged
  Finished generating code
Renderer.obj : warning LNK4049: locally defined symbol ___glewUniform3fv imported
Renderer.obj : warning LNK4049: locally defined symbol ___glewUniform4fv imported
Renderer.obj : warning LNK4049: locally defined symbol ___glewBindFramebuffer imported
Renderer.obj : warning LNK4049: locally defined symbol ___glewUniformMatrix4fv imported
Renderer.obj : warning LNK4049: locally defined symbol ___glewGenFramebuffers imported
Renderer.obj : warning LNK4049: locally defined symbol ___glewDeleteFramebuffers imported
Renderer.obj : warning LNK4049: locally defined symbol ___glewCheckFramebufferStatus imported
Renderer.obj : warning LNK4049: locally defined symbol ___glewFramebufferTexture2D imported
Renderer.obj : warning LNK4049: locally defined symbol ___glewActiveTexture imported
Renderer.obj : warning LNK4049: locally defined symbol ___glewGetUniformLocation imported
Renderer.obj : warning LNK4049: locally defined symbol ___glewUniform1f imported
Renderer.obj : warning LNK4049: locally defined symbol ___glewDrawBuffers imported
Renderer.obj : warning LNK4049: locally defined symbol ___glewUniform2f imported
Renderer.obj : warning LNK4049: locally defined symbol ___glewUniform1i imported
Renderer.obj : warning LNK4049: locally defined symbol ___glewUseProgram imported
glew32.lib(glew.obj) : warning LNK4099: PDB 'vc120.pdb' was not found with 'glew32.lib(glew.obj)' or at 'C:\Users\Ed\Documents\GitHub\CSC8502\Graphics For Games\Graphics Coursework\Release\vc120.pdb'; linking object as if no debug info
  GraphicsCoursework.vcxproj -> C:\Users\Ed\Documents\GitHub\CSC8502\Graphics For Games\Graphics Coursework\Release\GraphicsCoursework.exe
