  Main.cpp
  Renderer.cpp
  Generating Code...
Renderer.obj : warning LNK4049: locally defined symbol ___glewActiveTexture imported
Renderer.obj : warning LNK4049: locally defined symbol ___glewDrawBuffers imported
Renderer.obj : warning LNK4049: locally defined symbol ___glewGetUniformLocation imported
Renderer.obj : warning LNK4049: locally defined symbol ___glewUniform1f imported
Renderer.obj : warning LNK4049: locally defined symbol ___glewUniform1i imported
Renderer.obj : warning LNK4049: locally defined symbol ___glewUniform2f imported
Renderer.obj : warning LNK4049: locally defined symbol ___glewUniform3fv imported
Renderer.obj : warning LNK4049: locally defined symbol ___glewUniform4fv imported
Renderer.obj : warning LNK4049: locally defined symbol ___glewUniformMatrix4fv imported
Renderer.obj : warning LNK4049: locally defined symbol ___glewUseProgram imported
Renderer.obj : warning LNK4049: locally defined symbol ___glewBindFramebuffer imported
Renderer.obj : warning LNK4049: locally defined symbol ___glewCheckFramebufferStatus imported
Renderer.obj : warning LNK4049: locally defined symbol ___glewDeleteFramebuffers imported
Renderer.obj : warning LNK4049: locally defined symbol ___glewFramebufferTexture2D imported
Renderer.obj : warning LNK4049: locally defined symbol ___glewGenFramebuffers imported
glew32.lib(glew.obj) : warning LNK4099: PDB 'vc120.pdb' was not found with 'glew32.lib(glew.obj)' or at 'C:\Users\Ed\Desktop\CSC8502\Graphics For Games\Graphics Coursework\Debug\vc120.pdb'; linking object as if no debug info
  GraphicsCoursework.vcxproj -> C:\Users\Ed\Desktop\CSC8502\Graphics For Games\Graphics Coursework\Debug\GraphicsCoursework.exe
