y:\csc8502 coursework\csc8502 code 2018\graphics for games\graphics coursework\debug\vc141.pdb
y:\csc8502 coursework\csc8502 code 2018\graphics for games\graphics coursework\debug\vc141.idb
y:\csc8502 coursework\csc8502 code 2018\graphics for games\graphics coursework\debug\renderer.obj
y:\csc8502 coursework\csc8502 code 2018\graphics for games\graphics coursework\debug\main.obj
c:\users\ed\desktop\csc8502 coursework\csc8502 coursework\graphics for games\graphics coursework\debug\vc141.pdb
c:\users\ed\desktop\csc8502 coursework\csc8502 coursework\graphics for games\graphics coursework\debug\vc141.idb
c:\users\ed\desktop\csc8502 coursework\csc8502 coursework\graphics for games\graphics coursework\debug\renderer.obj
c:\users\ed\desktop\csc8502 coursework\csc8502 coursework\graphics for games\graphics coursework\debug\main.obj
y:\csc8502 coursework\csc8502 code 2018\graphics for games\graphics coursework\debug\graphicscoursework.exe
y:\csc8502 coursework\csc8502 code 2018\graphics for games\graphics coursework\debug\graphicscoursework.ilk
y:\csc8502 coursework\csc8502 code 2018\graphics for games\graphics coursework\debug\graphicscoursework.pdb
c:\users\ed\desktop\csc8502 coursework\csc8502 coursework\graphics for games\graphics coursework\debug\graphicscoursework.ilk
c:\users\ed\desktop\csc8502 coursework\csc8502 coursework\graphics for games\graphics coursework\debug\graphicscoursework.pdb
c:\users\ed\desktop\csc8502 coursework\csc8502 coursework\graphics for games\debug\graphicscoursework.pdb
c:\users\ed\desktop\csc8502 coursework\csc8502 coursework\graphics for games\graphics coursework\debug\graphics.909a2cfc.tlog\cl.command.1.tlog
c:\users\ed\desktop\csc8502 coursework\csc8502 coursework\graphics for games\graphics coursework\debug\graphics.909a2cfc.tlog\cl.read.1.tlog
c:\users\ed\desktop\csc8502 coursework\csc8502 coursework\graphics for games\graphics coursework\debug\graphics.909a2cfc.tlog\cl.write.1.tlog
c:\users\ed\desktop\csc8502 coursework\csc8502 coursework\graphics for games\graphics coursework\debug\graphics.909a2cfc.tlog\link.command.1.tlog
c:\users\ed\desktop\csc8502 coursework\csc8502 coursework\graphics for games\graphics coursework\debug\graphics.909a2cfc.tlog\link.read.1.tlog
c:\users\ed\desktop\csc8502 coursework\csc8502 coursework\graphics for games\graphics coursework\debug\graphics.909a2cfc.tlog\link.write.1.tlog
